<?xml version="1.0" encoding="UTF-8"?>
<testsuite name="scrap.heap.refactor.processor.OrderProcessorTest" tests="1" skipped="0" failures="0" errors="0" timestamp="2019-11-16T09:18:40" hostname="shhetri.local" time="0.15">
  <properties/>
  <testcase name="testItProcessOrders" classname="scrap.heap.refactor.processor.OrderProcessorTest" time="0.15"/>
  <system-out><![CDATA[]]></system-out>
  <system-err><![CDATA[]]></system-err>
</testsuite>
