<?xml version="1.0" encoding="UTF-8"?>
<testsuite name="scrap.heap.refactor.dispatcher.OrderDispatcherTest" tests="1" skipped="0" failures="0" errors="0" timestamp="2019-11-19T21:28:02" hostname="shhetri.local" time="0.005">
  <properties/>
  <testcase name="itShouldDispatchedAnOrderItem" classname="scrap.heap.refactor.dispatcher.OrderDispatcherTest" time="0.005"/>
  <system-out><![CDATA[null
]]></system-out>
  <system-err><![CDATA[]]></system-err>
</testsuite>
